{"/home/vamske/Vscode/react/Practice/auto-complete/src/App.js": {"path":"/home/vamske/Vscode/react/Practice/auto-complete/src/App.js","statementMap":{"0":{"start":{"line":5,"column":21},"end":{"line":7,"column":3}},"1":{"start":{"line":6,"column":4},"end":{"line":6,"column":32}},"2":{"start":{"line":8,"column":2},"end":{"line":12,"column":4}}},"fnMap":{"0":{"name":"App","decl":{"start":{"line":4,"column":9},"end":{"line":4,"column":12}},"loc":{"start":{"line":4,"column":15},"end":{"line":13,"column":1}},"line":4},"1":{"name":"(anonymous_1)","decl":{"start":{"line":5,"column":21},"end":{"line":5,"column":22}},"loc":{"start":{"line":5,"column":26},"end":{"line":7,"column":3}},"line":5}},"branchMap":{},"s":{"0":1,"1":0,"2":1},"f":{"0":1,"1":0},"b":{},"_coverageSchema":"1a1c01bbd47fc00a2c39e90264f33305004495a9","hash":"3f94fe14a18aa3137ef3ba569fed2428edd73af0"}
,"/home/vamske/Vscode/react/Practice/auto-complete/src/index.js": {"path":"/home/vamske/Vscode/react/Practice/auto-complete/src/index.js","statementMap":{"0":{"start":{"line":7,"column":0},"end":{"line":12,"column":2}},"1":{"start":{"line":17,"column":0},"end":{"line":17,"column":18}}},"fnMap":{},"branchMap":{},"s":{"0":0,"1":0},"f":{},"b":{}}
,"/home/vamske/Vscode/react/Practice/auto-complete/src/reportWebVitals.js": {"path":"/home/vamske/Vscode/react/Practice/auto-complete/src/reportWebVitals.js","statementMap":{"0":{"start":{"line":1,"column":24},"end":{"line":11,"column":1}},"1":{"start":{"line":2,"column":2},"end":{"line":10,"column":3}},"2":{"start":{"line":3,"column":4},"end":{"line":9,"column":7}},"3":{"start":{"line":4,"column":6},"end":{"line":4,"column":26}},"4":{"start":{"line":5,"column":6},"end":{"line":5,"column":26}},"5":{"start":{"line":6,"column":6},"end":{"line":6,"column":26}},"6":{"start":{"line":7,"column":6},"end":{"line":7,"column":26}},"7":{"start":{"line":8,"column":6},"end":{"line":8,"column":27}}},"fnMap":{"0":{"name":"(anonymous_0)","decl":{"start":{"line":1,"column":24},"end":{"line":1,"column":25}},"loc":{"start":{"line":1,"column":39},"end":{"line":11,"column":1}},"line":1},"1":{"name":"(anonymous_1)","decl":{"start":{"line":3,"column":30},"end":{"line":3,"column":31}},"loc":{"start":{"line":3,"column":79},"end":{"line":9,"column":5}},"line":3}},"branchMap":{"0":{"loc":{"start":{"line":2,"column":2},"end":{"line":10,"column":3}},"type":"if","locations":[{"start":{"line":2,"column":2},"end":{"line":10,"column":3}},{"start":{},"end":{}}],"line":2},"1":{"loc":{"start":{"line":2,"column":6},"end":{"line":2,"column":52}},"type":"binary-expr","locations":[{"start":{"line":2,"column":6},"end":{"line":2,"column":17}},{"start":{"line":2,"column":21},"end":{"line":2,"column":52}}],"line":2}},"s":{"0":0,"1":0,"2":0,"3":0,"4":0,"5":0,"6":0,"7":0},"f":{"0":0,"1":0},"b":{"0":[0,0],"1":[0,0]}}
,"/home/vamske/Vscode/react/Practice/auto-complete/src/components/AutoComplete.js": {"path":"/home/vamske/Vscode/react/Practice/auto-complete/src/components/AutoComplete.js","statementMap":{"0":{"start":{"line":5,"column":18},"end":{"line":16,"column":5}},"1":{"start":{"line":5,"column":41},"end":{"line":16,"column":3}},"2":{"start":{"line":18,"column":19},"end":{"line":25,"column":8}},"3":{"start":{"line":26,"column":28},"end":{"line":62,"column":1}},"4":{"start":{"line":27,"column":18},"end":{"line":27,"column":29}},"5":{"start":{"line":29,"column":16},"end":{"line":44,"column":5}},"6":{"start":{"line":46,"column":5},"end":{"line":61,"column":15}},"7":{"start":{"line":50,"column":43},"end":{"line":50,"column":55}},"8":{"start":{"line":53,"column":16},"end":{"line":55,"column":18}},"9":{"start":{"line":54,"column":16},"end":{"line":54,"column":111}},"10":{"start":{"line":59,"column":16},"end":{"line":59,"column":81}}},"fnMap":{"0":{"name":"(anonymous_0)","decl":{"start":{"line":5,"column":29},"end":{"line":5,"column":30}},"loc":{"start":{"line":5,"column":41},"end":{"line":16,"column":3}},"line":5},"1":{"name":"(anonymous_1)","decl":{"start":{"line":26,"column":28},"end":{"line":26,"column":29}},"loc":{"start":{"line":26,"column":48},"end":{"line":62,"column":1}},"line":26},"2":{"name":"(anonymous_2)","decl":{"start":{"line":50,"column":31},"end":{"line":50,"column":32}},"loc":{"start":{"line":50,"column":43},"end":{"line":50,"column":55}},"line":50},"3":{"name":"(anonymous_3)","decl":{"start":{"line":52,"column":24},"end":{"line":52,"column":25}},"loc":{"start":{"line":53,"column":16},"end":{"line":55,"column":18}},"line":53},"4":{"name":"(anonymous_4)","decl":{"start":{"line":53,"column":26},"end":{"line":53,"column":27}},"loc":{"start":{"line":54,"column":16},"end":{"line":54,"column":111}},"line":54},"5":{"name":"(anonymous_5)","decl":{"start":{"line":58,"column":25},"end":{"line":58,"column":26}},"loc":{"start":{"line":59,"column":16},"end":{"line":59,"column":81}},"line":59}},"branchMap":{},"s":{"0":2,"1":4,"2":2,"3":2,"4":4,"5":4,"6":4,"7":56,"8":11,"9":11,"10":11},"f":{"0":4,"1":4,"2":56,"3":11,"4":11,"5":11},"b":{},"_coverageSchema":"1a1c01bbd47fc00a2c39e90264f33305004495a9","hash":"5b97ffc6544e4f4f43f802500e3ab2c08ae768de"}
}
