{"/home/vamske/Vscode/react/Practice/auto-complete/src/App.js": {"path":"/home/vamske/Vscode/react/Practice/auto-complete/src/App.js","statementMap":{"0":{"start":{"line":5,"column":2},"end":{"line":9,"column":4}}},"fnMap":{"0":{"name":"App","decl":{"start":{"line":4,"column":9},"end":{"line":4,"column":12}},"loc":{"start":{"line":4,"column":15},"end":{"line":10,"column":1}},"line":4}},"branchMap":{},"s":{"0":1},"f":{"0":1},"b":{},"_coverageSchema":"1a1c01bbd47fc00a2c39e90264f33305004495a9","hash":"88d3f5e0ad36a1598e1b6467ea6d89c22a84501b"}
,"/home/vamske/Vscode/react/Practice/auto-complete/src/index.js": {"path":"/home/vamske/Vscode/react/Practice/auto-complete/src/index.js","statementMap":{"0":{"start":{"line":7,"column":0},"end":{"line":12,"column":2}},"1":{"start":{"line":17,"column":0},"end":{"line":17,"column":18}}},"fnMap":{},"branchMap":{},"s":{"0":0,"1":0},"f":{},"b":{}}
,"/home/vamske/Vscode/react/Practice/auto-complete/src/reportWebVitals.js": {"path":"/home/vamske/Vscode/react/Practice/auto-complete/src/reportWebVitals.js","statementMap":{"0":{"start":{"line":1,"column":24},"end":{"line":11,"column":1}},"1":{"start":{"line":2,"column":2},"end":{"line":10,"column":3}},"2":{"start":{"line":3,"column":4},"end":{"line":9,"column":7}},"3":{"start":{"line":4,"column":6},"end":{"line":4,"column":26}},"4":{"start":{"line":5,"column":6},"end":{"line":5,"column":26}},"5":{"start":{"line":6,"column":6},"end":{"line":6,"column":26}},"6":{"start":{"line":7,"column":6},"end":{"line":7,"column":26}},"7":{"start":{"line":8,"column":6},"end":{"line":8,"column":27}}},"fnMap":{"0":{"name":"(anonymous_0)","decl":{"start":{"line":1,"column":24},"end":{"line":1,"column":25}},"loc":{"start":{"line":1,"column":39},"end":{"line":11,"column":1}},"line":1},"1":{"name":"(anonymous_1)","decl":{"start":{"line":3,"column":30},"end":{"line":3,"column":31}},"loc":{"start":{"line":3,"column":79},"end":{"line":9,"column":5}},"line":3}},"branchMap":{"0":{"loc":{"start":{"line":2,"column":2},"end":{"line":10,"column":3}},"type":"if","locations":[{"start":{"line":2,"column":2},"end":{"line":10,"column":3}},{"start":{},"end":{}}],"line":2},"1":{"loc":{"start":{"line":2,"column":6},"end":{"line":2,"column":52}},"type":"binary-expr","locations":[{"start":{"line":2,"column":6},"end":{"line":2,"column":17}},{"start":{"line":2,"column":21},"end":{"line":2,"column":52}}],"line":2}},"s":{"0":0,"1":0,"2":0,"3":0,"4":0,"5":0,"6":0,"7":0},"f":{"0":0,"1":0},"b":{"0":[0,0],"1":[0,0]}}
,"/home/vamske/Vscode/react/Practice/auto-complete/src/components/AutoComplete.js": {"path":"/home/vamske/Vscode/react/Practice/auto-complete/src/components/AutoComplete.js","statementMap":{"0":{"start":{"line":5,"column":18},"end":{"line":16,"column":5}},"1":{"start":{"line":5,"column":41},"end":{"line":16,"column":3}},"2":{"start":{"line":18,"column":19},"end":{"line":25,"column":8}},"3":{"start":{"line":26,"column":28},"end":{"line":64,"column":1}},"4":{"start":{"line":27,"column":18},"end":{"line":27,"column":29}},"5":{"start":{"line":29,"column":16},"end":{"line":44,"column":5}},"6":{"start":{"line":45,"column":19},"end":{"line":47,"column":1}},"7":{"start":{"line":46,"column":4},"end":{"line":46,"column":26}},"8":{"start":{"line":48,"column":5},"end":{"line":63,"column":15}},"9":{"start":{"line":52,"column":43},"end":{"line":52,"column":55}},"10":{"start":{"line":55,"column":16},"end":{"line":57,"column":18}},"11":{"start":{"line":56,"column":16},"end":{"line":56,"column":111}},"12":{"start":{"line":61,"column":16},"end":{"line":61,"column":81}}},"fnMap":{"0":{"name":"(anonymous_0)","decl":{"start":{"line":5,"column":29},"end":{"line":5,"column":30}},"loc":{"start":{"line":5,"column":41},"end":{"line":16,"column":3}},"line":5},"1":{"name":"(anonymous_1)","decl":{"start":{"line":26,"column":28},"end":{"line":26,"column":29}},"loc":{"start":{"line":26,"column":34},"end":{"line":64,"column":1}},"line":26},"2":{"name":"(anonymous_2)","decl":{"start":{"line":45,"column":19},"end":{"line":45,"column":20}},"loc":{"start":{"line":45,"column":24},"end":{"line":47,"column":1}},"line":45},"3":{"name":"(anonymous_3)","decl":{"start":{"line":52,"column":31},"end":{"line":52,"column":32}},"loc":{"start":{"line":52,"column":43},"end":{"line":52,"column":55}},"line":52},"4":{"name":"(anonymous_4)","decl":{"start":{"line":54,"column":24},"end":{"line":54,"column":25}},"loc":{"start":{"line":55,"column":16},"end":{"line":57,"column":18}},"line":55},"5":{"name":"(anonymous_5)","decl":{"start":{"line":55,"column":26},"end":{"line":55,"column":27}},"loc":{"start":{"line":56,"column":16},"end":{"line":56,"column":111}},"line":56},"6":{"name":"(anonymous_6)","decl":{"start":{"line":60,"column":25},"end":{"line":60,"column":26}},"loc":{"start":{"line":61,"column":16},"end":{"line":61,"column":81}},"line":61}},"branchMap":{},"s":{"0":2,"1":4,"2":2,"3":2,"4":4,"5":4,"6":4,"7":0,"8":4,"9":56,"10":9,"11":9,"12":9},"f":{"0":4,"1":4,"2":0,"3":56,"4":9,"5":9,"6":9},"b":{},"_coverageSchema":"1a1c01bbd47fc00a2c39e90264f33305004495a9","hash":"5d6a86b821201d727a544e8ef544ba97b2076186"}
}
