TN:
SF:src/App.js
FN:4,App
FN:5,(anonymous_1)
FNF:2
FNH:1
FNDA:1,App
FNDA:0,(anonymous_1)
DA:5,1
DA:6,0
DA:8,1
LF:3
LH:2
BRF:0
BRH:0
end_of_record
TN:
SF:src/index.js
FNF:0
FNH:0
DA:7,0
DA:17,0
LF:2
LH:0
BRF:0
BRH:0
end_of_record
TN:
SF:src/reportWebVitals.js
FN:1,(anonymous_0)
FN:3,(anonymous_1)
FNF:2
FNH:0
FNDA:0,(anonymous_0)
FNDA:0,(anonymous_1)
DA:1,0
DA:2,0
DA:3,0
DA:4,0
DA:5,0
DA:6,0
DA:7,0
DA:8,0
LF:8
LH:0
BRDA:2,0,0,0
BRDA:2,0,1,0
BRDA:2,1,0,0
BRDA:2,1,1,0
BRF:4
BRH:0
end_of_record
TN:
SF:src/components/AutoComplete.js
FN:5,(anonymous_0)
FN:26,(anonymous_1)
FN:50,(anonymous_2)
FN:52,(anonymous_3)
FN:53,(anonymous_4)
FN:58,(anonymous_5)
FNF:6
FNH:6
FNDA:4,(anonymous_0)
FNDA:4,(anonymous_1)
FNDA:56,(anonymous_2)
FNDA:11,(anonymous_3)
FNDA:11,(anonymous_4)
FNDA:11,(anonymous_5)
DA:5,4
DA:18,2
DA:26,2
DA:27,4
DA:29,4
DA:46,4
DA:50,56
DA:53,11
DA:54,11
DA:59,11
LF:10
LH:10
BRF:0
BRH:0
end_of_record
